MIF/HEX Update report for z80soc
Wed Jun 08 09:27:01 2016
Quartus II 64-Bit Version 13.0.1 Build 232 06/12/2013 Service Pack 1 SJ Web Edition


---------------------
; Table of Contents ;
---------------------
  1. Legal Notice
  2. MIF/HEX Update Summary
  3. MIF/HEX Update Processed Files
  4. MIF/HEX Update Messages



----------------
; Legal Notice ;
----------------
Copyright (C) 1991-2013 Altera Corporation
Your use of Altera Corporation's design tools, logic functions 
and other software and tools, and its AMPP partner logic 
functions, and any output files from any of the foregoing 
(including device programming or simulation files), and any 
associated documentation or information are expressly subject 
to the terms and conditions of the Altera Program License 
Subscription Agreement, Altera MegaCore Function License 
Agreement, or other applicable license agreement, including, 
without limitation, that your use is for the sole purpose of 
programming logic devices manufactured by Altera and sold by 
Altera or its authorized distributors.  Please refer to the 
applicable agreement for further details.



+---------------------------------------------------------------+
; MIF/HEX Update Summary                                        ;
+-----------------------+---------------------------------------+
; MIF/HEX Update Status ; Successful - Wed Jun 08 09:27:01 2016 ;
; Revision Name         ; z80soc                                ;
; Top-level Entity Name ; Z80SOC                                ;
; Family                ; Cyclone II                            ;
; Device                ; EP2C20F484C7                          ;
+-----------------------+---------------------------------------+


+--------------------------------------------------+
; MIF/HEX Update Processed Files                   ;
+--------------------------------------------------+
; File Name                                        ;
+--------------------------------------------------+
; G:/z80soc-local/hw/0.7.3/DE1/romdata/lat9-08.mif ;
; G:/z80soc-local/hw/0.7.3/ROMdata/rom.hex         ;
+--------------------------------------------------+


+-------------------------+
; MIF/HEX Update Messages ;
+-------------------------+
Info: *******************************************************************
Info: Running Quartus II 64-Bit MIF/HEX Update
    Info: Version 13.0.1 Build 232 06/12/2013 Service Pack 1 SJ Web Edition
    Info: Processing started: Wed Jun 08 09:26:56 2016
Info: Command: quartus_cdb z80soc -c z80soc --update_mif
Warning (113007): Byte addressed memory initialization file "rom.hex" was read in the word-addressed format
Warning (113015): Width of data items in "rom.hex" is greater than the memory width. Wrapping data items to subsequent addresses. Found 485 warnings, reporting 10
    Warning (113009): Data at line (1) of memory initialization file "rom.hex" is too wide to fit in one memory word. Wrapping data to subsequent addresses.
    Warning (113009): Data at line (2) of memory initialization file "rom.hex" is too wide to fit in one memory word. Wrapping data to subsequent addresses.
    Warning (113009): Data at line (3) of memory initialization file "rom.hex" is too wide to fit in one memory word. Wrapping data to subsequent addresses.
    Warning (113009): Data at line (4) of memory initialization file "rom.hex" is too wide to fit in one memory word. Wrapping data to subsequent addresses.
    Warning (113009): Data at line (5) of memory initialization file "rom.hex" is too wide to fit in one memory word. Wrapping data to subsequent addresses.
    Warning (113009): Data at line (6) of memory initialization file "rom.hex" is too wide to fit in one memory word. Wrapping data to subsequent addresses.
    Warning (113009): Data at line (7) of memory initialization file "rom.hex" is too wide to fit in one memory word. Wrapping data to subsequent addresses.
    Warning (113009): Data at line (8) of memory initialization file "rom.hex" is too wide to fit in one memory word. Wrapping data to subsequent addresses.
    Warning (113009): Data at line (9) of memory initialization file "rom.hex" is too wide to fit in one memory word. Wrapping data to subsequent addresses.
    Warning (113009): Data at line (10) of memory initialization file "rom.hex" is too wide to fit in one memory word. Wrapping data to subsequent addresses.
Critical Warning (127005): Memory depth (16384) in the design file differs from memory depth (7965) in the Memory Initialization File "G:/z80soc-local/hw/0.7.3/ROMdata/rom.hex" -- setting initial value for remaining addresses to 0
Info (39024): Processed the following Memory Initialization File(s)
    Info (39025): Processed Memory Initialization File G:/z80soc-local/hw/0.7.3/DE1/romdata/lat9-08.mif
    Info (39025): Processed Memory Initialization File G:/z80soc-local/hw/0.7.3/ROMdata/rom.hex
Info: Quartus II 64-Bit MIF/HEX Update was successful. 0 errors, 13 warnings
    Info: Peak virtual memory: 446 megabytes
    Info: Processing ended: Wed Jun 08 09:27:01 2016
    Info: Elapsed time: 00:00:05
    Info: Total CPU time (on all processors): 00:00:04


