Flow report for z80soc
Sun Jun 19 14:43:21 2016
Quartus II 64-Bit Version 13.0.1 Build 232 06/12/2013 Service Pack 1 SJ Web Edition


---------------------
; Table of Contents ;
---------------------
  1. Legal Notice
  2. Flow Summary
  3. Flow Settings
  4. Flow Non-Default Global Settings
  5. Flow Elapsed Time
  6. Flow OS Summary
  7. Flow Log
  8. Flow Messages
  9. Flow Suppressed Messages



----------------
; Legal Notice ;
----------------
Copyright (C) 1991-2013 Altera Corporation
Your use of Altera Corporation's design tools, logic functions 
and other software and tools, and its AMPP partner logic 
functions, and any output files from any of the foregoing 
(including device programming or simulation files), and any 
associated documentation or information are expressly subject 
to the terms and conditions of the Altera Program License 
Subscription Agreement, Altera MegaCore Function License 
Agreement, or other applicable license agreement, including, 
without limitation, that your use is for the sole purpose of 
programming logic devices manufactured by Altera and sold by 
Altera or its authorized distributors.  Please refer to the 
applicable agreement for further details.



+--------------------------------------------------------------------------------------+
; Flow Summary                                                                         ;
+------------------------------------+-------------------------------------------------+
; Flow Status                        ; Successful - Sun Jun 19 14:43:11 2016           ;
; Quartus II 64-Bit Version          ; 13.0.1 Build 232 06/12/2013 SP 1 SJ Web Edition ;
; Revision Name                      ; z80soc                                          ;
; Top-level Entity Name              ; Z80SOC                                          ;
; Family                             ; Cyclone II                                      ;
; Device                             ; EP2C20F484C7                                    ;
; Timing Models                      ; Final                                           ;
; Total logic elements               ; 2,544 / 18,752 ( 14 % )                         ;
;     Total combinational functions  ; 2,465 / 18,752 ( 13 % )                         ;
;     Dedicated logic registers      ; 535 / 18,752 ( 3 % )                            ;
; Total registers                    ; 535                                             ;
; Total pins                         ; 281 / 315 ( 89 % )                              ;
; Total virtual pins                 ; 0                                               ;
; Total memory bits                  ; 196,600 / 239,616 ( 82 % )                      ;
; Embedded Multiplier 9-bit elements ; 0 / 52 ( 0 % )                                  ;
; Total PLLs                         ; 0 / 4 ( 0 % )                                   ;
+------------------------------------+-------------------------------------------------+


+-----------------------------------------+
; Flow Settings                           ;
+-------------------+---------------------+
; Option            ; Setting             ;
+-------------------+---------------------+
; Start date & time ; 06/19/2016 14:40:57 ;
; Main task         ; Compilation         ;
; Revision Name     ; z80soc              ;
+-------------------+---------------------+


+---------------------------------------------------------------------------------------------------------------------------------------------------------------------------------------------------------------------------------------------------------------------------------------------------------------+
; Flow Non-Default Global Settings                                                                                                                                                                                                                                                                              ;
+-------------------------------------+------------------------------------------------------------------------------------------------------------------------------------------------------------------------------------------------------------------------------+---------------+-------------+------------+
; Assignment Name                     ; Value                                                                                                                                                                                                                        ; Default Value ; Entity Name ; Section Id ;
+-------------------------------------+------------------------------------------------------------------------------------------------------------------------------------------------------------------------------------------------------------------------------+---------------+-------------+------------+
; AUTO_SHIFT_REGISTER_RECOGNITION     ; Off                                                                                                                                                                                                                          ; Auto          ; --          ; --         ;
; COMPILER_SIGNATURE_ID               ; 8796761971725.146637245601564                                                                                                                                                                                                ; --            ; --          ; --         ;
; ENABLE_DA_RULE                      ; C101, C102, C103, C104, C105, C106, R101, R102, R103, R104, R105, T101, T102, A101, A102, A103, A104, A105, A106, A107, A108, A109, A110, S101, S102, S103, S104, D101, D102, D103, H101, H102, M101, M102, M103, M104, M105 ; --            ; --          ; --         ;
; FITTER_EFFORT                       ; Fast Fit                                                                                                                                                                                                                     ; Auto Fit      ; --          ; --         ;
; MISC_FILE                           ; C:/Users/Ronivon/Desktop/FPGA Projetos/Z80SoC/V0.7/DE1/z80soc.dpf                                                                                                                                                            ; --            ; --          ; --         ;
; PARTITION_COLOR                     ; 2147039                                                                                                                                                                                                                      ; --            ; --          ; Top        ;
; PARTITION_FITTER_PRESERVATION_LEVEL ; PLACEMENT_AND_ROUTING                                                                                                                                                                                                        ; --            ; --          ; Top        ;
; PARTITION_NETLIST_TYPE              ; SOURCE                                                                                                                                                                                                                       ; --            ; --          ; Top        ;
; SMART_RECOMPILE                     ; On                                                                                                                                                                                                                           ; Off           ; --          ; --         ;
; USE_GENERATED_PHYSICAL_CONSTRAINTS  ; Off                                                                                                                                                                                                                          ; --            ; --          ; eda_palace ;
+-------------------------------------+------------------------------------------------------------------------------------------------------------------------------------------------------------------------------------------------------------------------------+---------------+-------------+------------+


+-------------------------------------------------------------------------------------------------------------------------------+
; Flow Elapsed Time                                                                                                             ;
+---------------------------+--------------+-------------------------+---------------------+------------------------------------+
; Module Name               ; Elapsed Time ; Average Processors Used ; Peak Virtual Memory ; Total CPU Time (on all processors) ;
+---------------------------+--------------+-------------------------+---------------------+------------------------------------+
; Analysis & Synthesis      ; 00:01:01     ; 1.0                     ; 534 MB              ; 00:00:44                           ;
; Fitter                    ; 00:00:55     ; 1.0                     ; 659 MB              ; 00:00:40                           ;
; Assembler                 ; 00:00:07     ; 1.0                     ; 413 MB              ; 00:00:06                           ;
; TimeQuest Timing Analyzer ; 00:00:08     ; 1.0                     ; 438 MB              ; 00:00:07                           ;
; Total                     ; 00:02:11     ; --                      ; --                  ; 00:01:37                           ;
+---------------------------+--------------+-------------------------+---------------------+------------------------------------+


+----------------------------------------------------------------------------------------+
; Flow OS Summary                                                                        ;
+---------------------------+------------------+-----------+------------+----------------+
; Module Name               ; Machine Hostname ; OS Name   ; OS Version ; Processor type ;
+---------------------------+------------------+-----------+------------+----------------+
; Analysis & Synthesis      ; VBOXW7-PC        ; Windows 7 ; 6.1        ; x86_64         ;
; Fitter                    ; VBOXW7-PC        ; Windows 7 ; 6.1        ; x86_64         ;
; Assembler                 ; VBOXW7-PC        ; Windows 7 ; 6.1        ; x86_64         ;
; TimeQuest Timing Analyzer ; VBOXW7-PC        ; Windows 7 ; 6.1        ; x86_64         ;
+---------------------------+------------------+-----------+------------+----------------+


------------
; Flow Log ;
------------
quartus_map --read_settings_files=on --write_settings_files=off z80soc -c z80soc
quartus_fit --read_settings_files=off --write_settings_files=off z80soc -c z80soc
quartus_asm --read_settings_files=off --write_settings_files=off z80soc -c z80soc
quartus_sta z80soc -c z80soc



